19.11.2016 07:27:10	This log contains information about the import schema operation into project 'Database1' on computer 'QUARK' by user 'Robert'.
19.11.2016 07:27:10	Import of database schema has started.
19.11.2016 07:27:15	Gathering database options
19.11.2016 07:27:15	Gathering users
19.11.2016 07:27:15	Gathering roles
19.11.2016 07:27:15	Gathering application roles
19.11.2016 07:27:15	Gathering role memberships
19.11.2016 07:27:15	Gathering filegroups
19.11.2016 07:27:15	Gathering full-text catalogs
19.11.2016 07:27:15	Gathering assemblies
19.11.2016 07:27:15	Gathering certificates
19.11.2016 07:27:15	Gathering asymmetric keys
19.11.2016 07:27:15	Gathering symmetric keys
19.11.2016 07:27:15	Gathering encrypted symmetric keys
19.11.2016 07:27:15	Gathering schemas
19.11.2016 07:27:15	Gathering XML schema collections
19.11.2016 07:27:15	Gathering user-defined data types
19.11.2016 07:27:15	Gathering user-defined types
19.11.2016 07:27:15	Gathering table types
19.11.2016 07:27:15	Gathering unique keys for table types
19.11.2016 07:27:15	Gathering primary keys for table types
19.11.2016 07:27:15	Gathering indexes for table types
19.11.2016 07:27:15	Gathering check constraints for table types
19.11.2016 07:27:15	Gathering default constraints for table types
19.11.2016 07:27:15	Gathering partition functions
19.11.2016 07:27:15	Gathering partition schemes
19.11.2016 07:27:15	Gathering functions
19.11.2016 07:27:15	Gathering encrypted functions
19.11.2016 07:27:15	Gathering aggregates
19.11.2016 07:27:15	Gathering procedures
19.11.2016 07:27:15	Gathering encrypted procedures
19.11.2016 07:27:15	Gathering tables
19.11.2016 07:27:15	Gathering primary keys
19.11.2016 07:27:15	Gathering unique constraints
19.11.2016 07:27:15	Gathering foreign keys
19.11.2016 07:27:15	Gathering default constraints
19.11.2016 07:27:15	Gathering check constraints
19.11.2016 07:27:15	Gathering views
19.11.2016 07:27:15	Gathering encrypted views
19.11.2016 07:27:15	Gathering indexes
19.11.2016 07:27:15	Gathering statistics
19.11.2016 07:27:15	Gathering full-text index stoplists
19.11.2016 07:27:15	Gathering search property lists
19.11.2016 07:27:15	Gathering search properties
19.11.2016 07:27:15	Gathering full-text indexes
19.11.2016 07:27:15	Gathering column store indexes
19.11.2016 07:27:15	Gathering spatial indexes
19.11.2016 07:27:15	Gathering XML indexes
19.11.2016 07:27:15	Gathering Selective XML indexes
19.11.2016 07:27:15	Gathering encrypted triggers
19.11.2016 07:27:15	Gathering triggers
19.11.2016 07:27:15	Gathering encrypted and clr ddl triggers
19.11.2016 07:27:15	Gathering ddl triggers
19.11.2016 07:27:15	Gathering synonyms
19.11.2016 07:27:15	Gathering defaults
19.11.2016 07:27:15	Gathering data constraint uddt bindings
19.11.2016 07:27:15	Gathering rules
19.11.2016 07:27:15	Gathering data constraint uddt bindings
19.11.2016 07:27:16	Gathering message types
19.11.2016 07:27:16	Gathering queues
19.11.2016 07:27:16	Gathering contracts
19.11.2016 07:27:16	Gathering services
19.11.2016 07:27:16	Gathering event notifications
19.11.2016 07:27:16	Gathering remote service bindings
19.11.2016 07:27:16	Gathering broker priorities
19.11.2016 07:27:16	Gathering signatures
19.11.2016 07:27:16	Gathering data compression options
19.11.2016 07:27:16	Gathering sequence types
19.11.2016 07:27:16	Gathering extended properties
19.11.2016 07:27:16	Gathering credentials
19.11.2016 07:27:16	Gathering logins
19.11.2016 07:27:16	Gathering server audits
19.11.2016 07:27:17	Scanning project for duplicate elements
19.11.2016 07:27:18	Finished duplicate element processing
19.11.2016 07:27:18	Finished importing database.
19.11.2016 07:27:18	A summary of the import was saved to the following location: D:\aktywności\projekty\PortalTemplate\Database1\Import Schema Logs\Database1_20161119062710.log
19.11.2016 07:27:18	Click Finish to continue...
